<?xml version="1.0" encoding="UTF-8"?>
<!-- Generated by org.testng.reporters.JUnitReportReporter -->
<testsuite hostname="DESKTOP-AUSQ9T0" failures="0" tests="1" name="others.Datadriver" time="7.805" errors="0" timestamp="2023-08-22T16:00:04 IST" skipped="0">
  <testcase classname="others.Datadriver" name="test" time="7.805"/>
</testsuite> <!-- others.Datadriver -->
