<?xml version="1.0" encoding="UTF-8"?>
<!-- Generated by org.testng.reporters.JUnitReportReporter -->
<testsuite hostname="DESKTOP-AUSQ9T0" failures="0" tests="1" name="others.Fileuploadpickup" time="8.261" errors="0" timestamp="2023-08-22T14:54:49 IST" skipped="0">
  <testcase classname="others.Fileuploadpickup" name="test" time="8.261"/>
</testsuite> <!-- others.Fileuploadpickup -->
